{
  "RSpec": {
    "coverage": {
      "/home/excellent-module-2348/tic-tac-toe-rb-online-web-sp-000/lib/tic_tac_toe.rb": [
        null,
        null,
        null,
        null,
        1,
        null,
        null,
        null,
        null,
        null,
        null,
        null,
        null,
        null,
        null,
        null,
        null,
        null,
        null,
        1,
        5,
        5,
        5,
        5,
        5,
        null,
        null,
        null,
        1,
        6,
        null,
        null,
        null,
        1,
        3,
        null,
        null,
        null,
        null,
        1,
        10,
        7,
        null,
        3,
        null,
        null,
        null,
        null,
        null,
        1,
        6,
        3,
        null,
        3,
        null,
        null,
        null,
        null,
        1,
        2,
        2,
        18,
        5,
        null,
        null,
        2,
        null,
        null,
        null,
        1,
        1,
        null,
        null,
        null,
        1,
        3,
        3,
        3,
        3,
        2,
        0,
        null,
        1,
        null,
        null,
        null,
        null,
        1,
        16,
        null,
        113,
        113,
        113,
        null,
        113,
        113,
        113,
        null,
        113,
        8,
        null,
        105,
        null,
        null,
        null,
        null,
        null,
        1,
        46,
        null,
        null,
        null,
        1,
        7,
        null,
        null,
        null,
        1,
        3,
        null,
        null,
        null,
        1,
        3,
        2,
        null,
        null
      ]
    },
    "timestamp": 1610329991
  }
}
